c:\users\evan\source\repos\sp20-gpr250\section 03\individual assignments\koppers.evan\assignment4\graphicslib\debug\graphicslib.pdb
c:\users\evan\source\repos\sp20-gpr250\section 03\individual assignments\koppers.evan\assignment4\graphicslib\debug\unitmanager.obj
c:\users\evan\source\repos\sp20-gpr250\section 03\individual assignments\koppers.evan\assignment4\graphicslib\debug\unit.obj
c:\users\evan\source\repos\sp20-gpr250\section 03\individual assignments\koppers.evan\assignment4\graphicslib\debug\system.obj
c:\users\evan\source\repos\sp20-gpr250\section 03\individual assignments\koppers.evan\assignment4\graphicslib\debug\sprite.obj
c:\users\evan\source\repos\sp20-gpr250\section 03\individual assignments\koppers.evan\assignment4\graphicslib\debug\graphicssystem.obj
c:\users\evan\source\repos\sp20-gpr250\section 03\individual assignments\koppers.evan\assignment4\graphicslib\debug\graphicsbuffermanager.obj
c:\users\evan\source\repos\sp20-gpr250\section 03\individual assignments\koppers.evan\assignment4\graphicslib\debug\graphicsbuffer.obj
c:\users\evan\source\repos\sp20-gpr250\section 03\individual assignments\koppers.evan\assignment4\graphicslib\debug\animation.obj
c:\users\evan\source\repos\sp20-gpr250\section 03\individual assignments\koppers.evan\assignment5\graphicslib\debug\graphicslib.pdb
c:\users\evan\source\repos\sp20-gpr250\section 03\individual assignments\koppers.evan\assignment5\graphicslib\debug\unitmanager.obj
c:\users\evan\source\repos\sp20-gpr250\section 03\individual assignments\koppers.evan\assignment5\graphicslib\debug\unit.obj
c:\users\evan\source\repos\sp20-gpr250\section 03\individual assignments\koppers.evan\assignment5\graphicslib\debug\system.obj
c:\users\evan\source\repos\sp20-gpr250\section 03\individual assignments\koppers.evan\assignment5\graphicslib\debug\sprite.obj
c:\users\evan\source\repos\sp20-gpr250\section 03\individual assignments\koppers.evan\assignment5\graphicslib\debug\graphicssystem.obj
c:\users\evan\source\repos\sp20-gpr250\section 03\individual assignments\koppers.evan\assignment5\graphicslib\debug\graphicsbuffermanager.obj
c:\users\evan\source\repos\sp20-gpr250\section 03\individual assignments\koppers.evan\assignment5\graphicslib\debug\graphicsbuffer.obj
c:\users\evan\source\repos\sp20-gpr250\section 03\individual assignments\koppers.evan\assignment5\graphicslib\debug\eventsystem.obj
c:\users\evan\source\repos\sp20-gpr250\section 03\individual assignments\koppers.evan\assignment5\graphicslib\debug\eventlistener.obj
c:\users\evan\source\repos\sp20-gpr250\section 03\individual assignments\koppers.evan\assignment5\graphicslib\debug\event.obj
c:\users\evan\source\repos\sp20-gpr250\section 03\individual assignments\koppers.evan\assignment5\graphicslib\debug\animation.obj
c:\users\evan\source\repos\sp20-gpr250\section 03\individual assignments\koppers.evan\assignment5\graphicslib\debug\mousemoveevent.obj
c:\users\evan\source\repos\sp20-gpr250\section 03\individual assignments\koppers.evan\assignment5\graphicslib\debug\keyevent.obj
c:\users\evan\source\repos\sp20-gpr250\section 03\individual assignments\koppers.evan\assignment5\graphicslib\debug\inputsystem.obj
c:\users\evan\source\repos\sp20-gpr250\section 03\individual assignments\koppers.evan\assignment5\graphicslib\debug\mouseevent.obj
c:\users\evan\source\repos\sp20-gpr250\section 03\individual assignments\koppers.evan\assignment4\graphicslib\debug\graphicslib.lib
c:\users\evan\source\repos\sp20-gpr250\section 03\individual assignments\koppers.evan\assignment5\graphicslib\debug\graphicslib.lib
c:\users\evan\source\repos\sp20-gpr250\section 03\individual assignments\koppers.evan\assignment5\graphicslib\debug\graphicslib.tlog\cl.command.1.tlog
c:\users\evan\source\repos\sp20-gpr250\section 03\individual assignments\koppers.evan\assignment5\graphicslib\debug\graphicslib.tlog\cl.read.1.tlog
c:\users\evan\source\repos\sp20-gpr250\section 03\individual assignments\koppers.evan\assignment5\graphicslib\debug\graphicslib.tlog\cl.write.1.tlog
c:\users\evan\source\repos\sp20-gpr250\section 03\individual assignments\koppers.evan\assignment5\graphicslib\debug\graphicslib.tlog\lib-link.read.1.tlog
c:\users\evan\source\repos\sp20-gpr250\section 03\individual assignments\koppers.evan\assignment5\graphicslib\debug\graphicslib.tlog\lib-link.write.1.tlog
c:\users\evan\source\repos\sp20-gpr250\section 03\individual assignments\koppers.evan\assignment5\graphicslib\debug\graphicslib.tlog\lib.command.1.tlog
