  Event.cpp
  Animation.cpp
C:\Users\Gavin\source\repos\SocketDemo\Game\GraphicsLib\Sprite.h(3,10): fatal error C1083: Cannot open include file: 'allegro5/allegro.h': No such file or directory
  EventListener.cpp
C:\Users\Gavin\source\repos\SocketDemo\Game\GraphicsLib\EventListener.h(3,10): fatal error C1083: Cannot open include file: 'Trackable.h': No such file or directory
  EventSystem.cpp
C:\Users\Gavin\source\repos\SocketDemo\Game\GraphicsLib\EventListener.h(3,10): fatal error C1083: Cannot open include file: 'Trackable.h': No such file or directory
  GraphicsBuffer.cpp
C:\Users\Gavin\source\repos\SocketDemo\Game\GraphicsLib\GraphicsBuffer.h(3,10): fatal error C1083: Cannot open include file: 'allegro5/allegro.h': No such file or directory
  GraphicsBufferManager.cpp
C:\Users\Gavin\source\repos\SocketDemo\Game\GraphicsLib\GraphicsBufferManager.h(5,10): fatal error C1083: Cannot open include file: 'Trackable.h': No such file or directory
  GraphicsSystem.cpp
C:\Users\Gavin\source\repos\SocketDemo\Game\GraphicsLib\GraphicsSystem.h(3,10): fatal error C1083: Cannot open include file: 'allegro5/allegro.h': No such file or directory
  InputSystem.cpp
C:\Users\Gavin\source\repos\SocketDemo\Game\GraphicsLib\InputSystem.h(3,10): fatal error C1083: Cannot open include file: 'allegro5/allegro.h': No such file or directory
  KeyEvent.cpp
  MouseEvent.cpp
C:\Users\Gavin\source\repos\SocketDemo\Game\GraphicsLib\MouseEvent.h(3,10): fatal error C1083: Cannot open include file: 'Vector2D.h': No such file or directory
  MouseMoveEvent.cpp
C:\Users\Gavin\source\repos\SocketDemo\Game\GraphicsLib\MouseMoveEvent.h(3,10): fatal error C1083: Cannot open include file: 'Vector2D.h': No such file or directory
  Sprite.cpp
C:\Users\Gavin\source\repos\SocketDemo\Game\GraphicsLib\Sprite.h(3,10): fatal error C1083: Cannot open include file: 'allegro5/allegro.h': No such file or directory
  System.cpp
C:\Users\Gavin\source\repos\SocketDemo\Game\GraphicsLib\GraphicsSystem.h(3,10): fatal error C1083: Cannot open include file: 'allegro5/allegro.h': No such file or directory
  Unit.cpp
C:\Users\Gavin\source\repos\SocketDemo\Game\GraphicsLib\Sprite.h(3,10): fatal error C1083: Cannot open include file: 'allegro5/allegro.h': No such file or directory
  UnitManager.cpp
C:\Users\Gavin\source\repos\SocketDemo\Game\GraphicsLib\UnitManager.h(5,10): fatal error C1083: Cannot open include file: 'Trackable.h': No such file or directory
  Generating Code...
