  DeleteUnitsEvent.cpp
C:\Users\Gavin\source\repos\SocketDemo\Game\DeleteUnitsEvent.h(3,10): fatal error C1083: Cannot open include file: 'Event.h': No such file or directory
  EscEvent.cpp
C:\Users\Gavin\source\repos\SocketDemo\Game\EscEvent.h(3,10): fatal error C1083: Cannot open include file: 'Event.h': No such file or directory
  Game.cpp
C:\Users\Gavin\source\repos\SocketDemo\Game\Game.h(3,10): fatal error C1083: Cannot open include file: 'System.h': No such file or directory
  GameEvent.cpp
C:\Users\Gavin\source\repos\SocketDemo\Game\GameEvent.h(4,10): fatal error C1083: Cannot open include file: 'trackable.h': No such file or directory
  GameEventSystem.cpp
C:\Users\Gavin\source\repos\SocketDemo\Game\GameEvent.h(4,10): fatal error C1083: Cannot open include file: 'trackable.h': No such file or directory
  GameListener.cpp
C:\Users\Gavin\source\repos\SocketDemo\Game\GameListener.h(3,10): fatal error C1083: Cannot open include file: 'EventListener.h': No such file or directory
  InputTranslator.cpp
C:\Users\Gavin\source\repos\SocketDemo\Game\InputTranslator.h(4,10): fatal error C1083: Cannot open include file: 'EventListener.h': No such file or directory
  main.cpp
C:\Users\Gavin\source\repos\SocketDemo\Game\main.cpp(12,10): fatal error C1083: Cannot open include file: 'PerformanceTracker.h': No such file or directory
  PauseEvent.cpp
C:\Users\Gavin\source\repos\SocketDemo\Game\PauseEvent.h(3,10): fatal error C1083: Cannot open include file: 'Event.h': No such file or directory
  PlaceUnitEvent.cpp
C:\Users\Gavin\source\repos\SocketDemo\Game\PlaceUnitEvent.h(3,10): fatal error C1083: Cannot open include file: 'Vector2D.h': No such file or directory
  SwitchAnimEvent.cpp
C:\Users\Gavin\source\repos\SocketDemo\Game\SwitchAnimEvent.h(3,10): fatal error C1083: Cannot open include file: 'Event.h': No such file or directory
  Generating Code...
