c:\users\evan\source\repos\sp20-gpr250\section 03\individual assignments\koppers.evan\assignment4\debug\vc142.pdb
c:\users\evan\source\repos\sp20-gpr250\section 03\individual assignments\koppers.evan\assignment4\debug\vc142.idb
c:\users\evan\source\repos\sp20-gpr250\section 03\individual assignments\koppers.evan\assignment4\debug\main.obj
c:\users\evan\source\repos\sp20-gpr250\section 03\individual assignments\koppers.evan\assignment4\debug\game.obj
c:\users\evan\source\repos\sp20-gpr250\section 03\individual assignments\koppers.evan\assignment5\debug\vc142.pdb
c:\users\evan\source\repos\sp20-gpr250\section 03\individual assignments\koppers.evan\assignment5\debug\vc142.idb
c:\users\evan\source\repos\sp20-gpr250\section 03\individual assignments\koppers.evan\assignment5\debug\gameevent.obj
c:\users\evan\source\repos\sp20-gpr250\section 03\individual assignments\koppers.evan\assignment5\debug\main.obj
c:\users\evan\source\repos\sp20-gpr250\section 03\individual assignments\koppers.evan\assignment5\debug\inputtranslator.obj
c:\users\evan\source\repos\sp20-gpr250\section 03\individual assignments\koppers.evan\assignment4\debug\assignment2.exe
c:\users\evan\source\repos\sp20-gpr250\section 03\individual assignments\koppers.evan\assignment4\debug\assignment2.ilk
c:\users\evan\source\repos\sp20-gpr250\section 03\individual assignments\koppers.evan\assignment4\debug\assignment2.pdb
c:\users\evan\source\repos\sp20-gpr250\section 03\individual assignments\koppers.evan\assignment5\debug\assignment2.exe
c:\users\evan\source\repos\sp20-gpr250\section 03\individual assignments\koppers.evan\assignment5\debug\assignment2.ilk
c:\users\evan\source\repos\sp20-gpr250\section 03\individual assignments\koppers.evan\assignment5\debug\assignment2.pdb
c:\users\evan\source\repos\sp20-gpr250\section 03\individual assignments\koppers.evan\assignment5\debug\game.obj
c:\users\evan\source\repos\sp20-gpr250\section 03\individual assignments\koppers.evan\assignment5\debug\assignment2.tlog\cl.command.1.tlog
c:\users\evan\source\repos\sp20-gpr250\section 03\individual assignments\koppers.evan\assignment5\debug\assignment2.tlog\cl.read.1.tlog
c:\users\evan\source\repos\sp20-gpr250\section 03\individual assignments\koppers.evan\assignment5\debug\assignment2.tlog\cl.write.1.tlog
c:\users\evan\source\repos\sp20-gpr250\section 03\individual assignments\koppers.evan\assignment5\debug\assignment2.tlog\link.command.1.tlog
c:\users\evan\source\repos\sp20-gpr250\section 03\individual assignments\koppers.evan\assignment5\debug\assignment2.tlog\link.read.1.tlog
c:\users\evan\source\repos\sp20-gpr250\section 03\individual assignments\koppers.evan\assignment5\debug\assignment2.tlog\link.write.1.tlog
