  DeleteUnitsEvent.cpp
K:\source\repos\SocketDemo\Game\GraphicsLib\Event.h(4,10): fatal error C1083: Cannot open include file: 'trackable.h': No such file or directory
  EscEvent.cpp
K:\source\repos\SocketDemo\Game\GraphicsLib\Event.h(4,10): fatal error C1083: Cannot open include file: 'trackable.h': No such file or directory
  Game.cpp
K:\source\repos\SocketDemo\Game\GraphicsLib\GraphicsBuffer.h(6,10): fatal error C1083: Cannot open include file: 'Trackable.h': No such file or directory
  GameEvent.cpp
K:\source\repos\SocketDemo\Game\GameEvent.h(4,10): fatal error C1083: Cannot open include file: 'trackable.h': No such file or directory
  GameEventSystem.cpp
K:\source\repos\SocketDemo\Game\GameEventSystem.h(4,10): fatal error C1083: Cannot open include file: 'Trackable.h': No such file or directory
  GameListener.cpp
K:\source\repos\SocketDemo\Game\GraphicsLib\EventListener.h(3,10): fatal error C1083: Cannot open include file: 'Trackable.h': No such file or directory
  InputTranslator.cpp
K:\source\repos\SocketDemo\Game\GraphicsLib\EventListener.h(3,10): fatal error C1083: Cannot open include file: 'Trackable.h': No such file or directory
  main.cpp
K:\source\repos\SocketDemo\Game\main.cpp(12,10): fatal error C1083: Cannot open include file: 'PerformanceTracker.h': No such file or directory
  PauseEvent.cpp
K:\source\repos\SocketDemo\Game\GraphicsLib\Event.h(4,10): fatal error C1083: Cannot open include file: 'trackable.h': No such file or directory
  PlaceUnitEvent.cpp
K:\source\repos\SocketDemo\Game\PlaceUnitEvent.h(3,10): fatal error C1083: Cannot open include file: 'Vector2D.h': No such file or directory
  SwitchAnimEvent.cpp
K:\source\repos\SocketDemo\Game\GraphicsLib\Event.h(4,10): fatal error C1083: Cannot open include file: 'trackable.h': No such file or directory
  Generating Code...
